LINK : warning LNK4098: библиотека по умолчанию "MSVCRT" конфликтует с использованием других библиотек; используйте /NODEFAULTLIB:library
Source.obj : error LNK2019: ссылка на неразрешенный внешний символ gladLoadGLLoader в функции main.
Source.obj : error LNK2001: неразрешенный внешний символ glad_glTexParameteri.
Source.obj : error LNK2001: неразрешенный внешний символ glad_glTexImage2D.
Source.obj : error LNK2001: неразрешенный внешний символ glad_glDrawBuffer.
Source.obj : error LNK2001: неразрешенный внешний символ glad_glClear.
Source.obj : error LNK2001: неразрешенный внешний символ glad_glClearColor.
Source.obj : error LNK2001: неразрешенный внешний символ glad_glEnable.
Source.obj : error LNK2001: неразрешенный внешний символ glad_glBlendFunc.
Source.obj : error LNK2001: неразрешенный внешний символ glad_glDepthFunc.
Source.obj : error LNK2001: неразрешенный внешний символ glad_glReadBuffer.
Source.obj : error LNK2001: неразрешенный внешний символ glad_glViewport.
Source.obj : error LNK2001: неразрешенный внешний символ glad_glActiveTexture.
Source.obj : error LNK2001: неразрешенный внешний символ glad_glBindBuffer.
Source.obj : error LNK2001: неразрешенный внешний символ glad_glDeleteBuffers.
Source.obj : error LNK2001: неразрешенный внешний символ glad_glGenBuffers.
Source.obj : error LNK2001: неразрешенный внешний символ glad_glBufferData.
Source.obj : error LNK2001: неразрешенный внешний символ glad_glAttachShader.
Source.obj : error LNK2001: неразрешенный внешний символ glad_glCompileShader.
Source.obj : error LNK2001: неразрешенный внешний символ glad_glCreateProgram.
Source.obj : error LNK2001: неразрешенный внешний символ glad_glCreateShader.
Source.obj : error LNK2001: неразрешенный внешний символ glad_glDeleteShader.
Source.obj : error LNK2001: неразрешенный внешний символ glad_glEnableVertexAttribArray.
Source.obj : error LNK2001: неразрешенный внешний символ glad_glGetProgramiv.
Source.obj : error LNK2001: неразрешенный внешний символ glad_glGetProgramInfoLog.
Source.obj : error LNK2001: неразрешенный внешний символ glad_glGetShaderiv.
Source.obj : error LNK2001: неразрешенный внешний символ glad_glGetShaderInfoLog.
Source.obj : error LNK2001: неразрешенный внешний символ glad_glGetUniformLocation.
Source.obj : error LNK2001: неразрешенный внешний символ glad_glLinkProgram.
Source.obj : error LNK2001: неразрешенный внешний символ glad_glShaderSource.
Source.obj : error LNK2001: неразрешенный внешний символ glad_glUseProgram.
Source.obj : error LNK2001: неразрешенный внешний символ glad_glUniform1f.
Source.obj : error LNK2001: неразрешенный внешний символ glad_glUniform3f.
Source.obj : error LNK2001: неразрешенный внешний символ glad_glUniform1i.
Source.obj : error LNK2001: неразрешенный внешний символ glad_glUniform3fv.
Source.obj : error LNK2001: неразрешенный внешний символ glad_glUniformMatrix4fv.
Source.obj : error LNK2001: неразрешенный внешний символ glad_glVertexAttribPointer.
Source.obj : error LNK2001: неразрешенный внешний символ glad_glBindRenderbuffer.
Source.obj : error LNK2001: неразрешенный внешний символ glad_glGenRenderbuffers.
Source.obj : error LNK2001: неразрешенный внешний символ glad_glRenderbufferStorage.
Source.obj : error LNK2001: неразрешенный внешний символ glad_glBindFramebuffer.
Source.obj : error LNK2001: неразрешенный внешний символ glad_glGenFramebuffers.
Source.obj : error LNK2001: неразрешенный внешний символ glad_glCheckFramebufferStatus.
Source.obj : error LNK2001: неразрешенный внешний символ glad_glFramebufferTexture2D.
Source.obj : error LNK2001: неразрешенный внешний символ glad_glFramebufferRenderbuffer.
Source.obj : error LNK2001: неразрешенный внешний символ glad_glGenerateMipmap.
Source.obj : error LNK2001: неразрешенный внешний символ glad_glBindVertexArray.
Source.obj : error LNK2001: неразрешенный внешний символ glad_glDeleteVertexArrays.
Source.obj : error LNK2001: неразрешенный внешний символ glad_glGenVertexArrays.
D:\My files\University-Project\University Project\Debug\University Project.exe : fatal error LNK1120: неразрешенных внешних элементов: 48
