  Source.cpp
C:\Program Files (x86)\Microsoft Visual Studio\2019\Community\VC\Tools\MSVC\14.28.29333\include\shader.h(56,40): warning C4101: e: неиспользованная локальная переменная
C:\Program Files (x86)\Microsoft Visual Studio\2019\Community\VC\Tools\MSVC\14.28.29333\include\mesh.h(88,1): warning C4267: аргумент: преобразование из "size_t" в "GLsizei"; возможна потеря данных
D:\My files\University-Project\University Project\Source.cpp(25,24): warning C4305: инициализация: усечение из "double" в "float"
D:\My files\University-Project\University Project\Source.cpp(89,11): warning C4244: =: преобразование "double" в "float", возможна потеря данных
D:\My files\University-Project\University Project\Source.cpp(90,11): warning C4244: =: преобразование "double" в "float", возможна потеря данных
D:\My files\University-Project\University Project\Source.cpp(94,16): warning C4244: инициализация: преобразование "double" в "float", возможна потеря данных
D:\My files\University-Project\University Project\Source.cpp(95,16): warning C4244: инициализация: преобразование "double" в "float", возможна потеря данных
D:\My files\University-Project\University Project\Source.cpp(97,10): warning C4244: =: преобразование "double" в "float", возможна потеря данных
D:\My files\University-Project\University Project\Source.cpp(98,10): warning C4244: =: преобразование "double" в "float", возможна потеря данных
D:\My files\University-Project\University Project\Source.cpp(104,28): warning C4244: аргумент: преобразование "double" в "float", возможна потеря данных
D:\My files\University-Project\University Project\Source.cpp(860,24): warning C4244: инициализация: преобразование "double" в "GLfloat", возможна потеря данных
C:\Program Files (x86)\Microsoft Visual Studio\2019\Community\VC\Tools\MSVC\14.28.29333\include\algorithm(7571,45): error C2676: бинарный "-": "const std::_Tree_unchecked_iterator<std::_Tree_val<std::_Tree_simple_types<std::pair<const float,glm::vec3>>>>" не определяет этот оператор или преобразование к типу приемлемо к встроенному оператору
C:\Program Files (x86)\Microsoft Visual Studio\2019\Community\VC\Tools\MSVC\14.28.29333\include\algorithm(7576): message : выполняется компиляция ссылки на экземпляр шаблон функции "void std::sort<_RanIt,std::less<void>>(const _RanIt,const _RanIt,_Pr)"
          with
          [
              _RanIt=std::_Tree_iterator<std::_Tree_val<std::_Tree_simple_types<std::pair<const float,glm::vec3>>>>,
              _Pr=std::less<void>
          ]
D:\My files\University-Project\University Project\Source.cpp(929): message : выполняется компиляция ссылки на экземпляр шаблон функции "void std::sort<std::_Tree_iterator<std::_Tree_val<std::_Tree_simple_types<std::pair<const float,glm::vec3>>>>>(const _RanIt,const _RanIt)"
          with
          [
              _RanIt=std::_Tree_iterator<std::_Tree_val<std::_Tree_simple_types<std::pair<const float,glm::vec3>>>>
          ]
C:\Program Files (x86)\Microsoft Visual Studio\2019\Community\VC\Tools\MSVC\14.28.29333\include\algorithm(7571,5): error C2672: "_Sort_unchecked": не найдена соответствующая перегруженная функция
C:\Program Files (x86)\Microsoft Visual Studio\2019\Community\VC\Tools\MSVC\14.28.29333\include\algorithm(7571,1): error C2780: void std::_Sort_unchecked(_RanIt,_RanIt,iterator_traits<_Iter>::difference_type,_Pr): требует аргументов: 4, имеется: 3
C:\Program Files (x86)\Microsoft Visual Studio\2019\Community\VC\Tools\MSVC\14.28.29333\include\algorithm(7537): message : см. объявление "std::_Sort_unchecked"
